<?xml version="1.0" encoding="UTF-8"?>
<!-- Generated by org.testng.reporters.JUnitReportReporter -->
<testsuite hostname="AUTOOCh8mA1Bls5" failures="0" tests="4" name="Restassured.GetOpertion" time="6.027" errors="0" timestamp="2025-04-02T10:38:10 IST" skipped="0">
  <testcase classname="Restassured.GetOpertion" name="createUser" time="4.217"/>
  <testcase classname="Restassured.GetOpertion" name="GetUsers" time="0.619"/>
  <testcase classname="Restassured.GetOpertion" name="updateUser" time="0.637"/>
  <testcase classname="Restassured.GetOpertion" name="deleteUser" time="0.554"/>
</testsuite> <!-- Restassured.GetOpertion -->
