<?xml version="1.0" encoding="UTF-8"?>
<!-- Generated by org.testng.reporters.JUnitReportReporter -->
<testsuite hostname="AUTOOCh8mA1Bls5" failures="0" tests="1" name="Restassured.SingleAPI" time="0.293" errors="0" timestamp="2025-04-02T11:07:32 IST" skipped="0">
  <testcase classname="Restassured.SingleAPI" name="GetUsers" time="0.293"/>
</testsuite> <!-- Restassured.SingleAPI -->
