<?xml version="1.0" encoding="UTF-8"?>
<!-- Generated by org.testng.reporters.JUnitReportReporter -->
<testsuite hostname="AUTOOCh8mA1Bls5" failures="0" tests="4" name="Restassured.EtE" time="4.768" errors="0" timestamp="2025-04-02T11:07:32 IST" skipped="0">
  <testcase classname="Restassured.EtE" name="createUser" time="3.326"/>
  <testcase classname="Restassured.EtE" name="GetUsers" time="0.312"/>
  <testcase classname="Restassured.EtE" name="updateUser" time="0.573"/>
  <testcase classname="Restassured.EtE" name="deleteUser" time="0.557"/>
</testsuite> <!-- Restassured.EtE -->
